2025-06-16 04:50:09.445 [INFO]: Web3 providers initialized {"service":"smart-contract-auditor","environment":"development","chains":["ethereum","polygon","bsc","sepolia","mumbai","bscTestnet"]}
2025-06-16 04:50:16.934 [INFO]: Web3 providers initialized {"service":"smart-contract-auditor","environment":"development","chains":["ethereum","polygon","bsc","sepolia","mumbai","bscTestnet"]}
2025-06-16 04:50:43.392 [INFO]: Web3 providers initialized {"service":"smart-contract-auditor","environment":"development","chains":["ethereum","polygon","bsc","sepolia","mumbai","bscTestnet"]}
2025-06-16 04:51:18.207 [INFO]: Web3 providers initialized {"service":"smart-contract-auditor","environment":"development","chains":["ethereum","polygon","bsc","sepolia","mumbai","bscTestnet"]}
2025-06-16 04:51:18.248 [INFO]: Smart Contract Auditor Backend running on port 3001 {"service":"smart-contract-auditor","environment":"development"}
2025-06-16 04:51:18.251 [ERROR]: Failed to initialize TEE Monitor {"service":"smart-contract-auditor","environment":"development","error":"crypto.createCipher is not a function"}
2025-06-16 04:52:32.128 [INFO]: SIGINT received, shutting down gracefully {"service":"smart-contract-auditor","environment":"development"}
2025-06-16 04:52:38.246 [INFO]: Web3 providers initialized {"service":"smart-contract-auditor","environment":"development","chains":["ethereum","polygon","bsc","sepolia","mumbai","bscTestnet"]}
2025-06-16 04:52:38.287 [INFO]: Smart Contract Auditor Backend running on port 3001 {"service":"smart-contract-auditor","environment":"development"}
2025-06-16 04:52:38.337 [ERROR]: Failed to initialize TEE Monitor {"service":"smart-contract-auditor","environment":"development","error":"crypto.createCipherGCM is not a function"}
2025-06-16 04:54:13.592 [INFO]: Web3 providers initialized {"service":"smart-contract-auditor","environment":"development","chains":["ethereum","polygon","bsc","sepolia","mumbai","bscTestnet"]}
2025-06-16 04:54:13.635 [INFO]: Smart Contract Auditor Backend running on port 3001 {"service":"smart-contract-auditor","environment":"development"}
2025-06-16 04:54:13.638 [INFO]: TEE Monitor initialized {"service":"smart-contract-auditor","environment":"development","logPath":"./logs/auditLogs.json"}
2025-06-16 04:54:33.554 [INFO]: GET /health - ::1 {"service":"smart-contract-auditor","environment":"development","userAgent":"Mozilla/5.0 (Windows NT; Windows NT 10.0; en-IN) WindowsPowerShell/5.1.26100.4202"}
2025-06-16 04:54:40.553 [INFO]: GET /api/audit/health - ::1 {"service":"smart-contract-auditor","environment":"development","userAgent":"Mozilla/5.0 (Windows NT; Windows NT 10.0; en-IN) WindowsPowerShell/5.1.26100.4202"}
2025-06-16 05:58:17.228 [INFO]: Web3 providers initialized {"service":"smart-contract-auditor","environment":"development","chains":["ethereum","polygon","bsc","sepolia","mumbai","bscTestnet"]}
2025-06-16 05:58:17.272 [INFO]: Smart Contract Auditor Backend running on port 3001 {"service":"smart-contract-auditor","environment":"development"}
2025-06-16 06:04:35.242 [INFO]: GET /health - ::1 {"service":"smart-contract-auditor","environment":"development","userAgent":"Mozilla/5.0 (Windows NT; Windows NT 10.0; en-IN) WindowsPowerShell/5.1.26100.4202"}
2025-06-16 06:04:41.339 [INFO]: GET /api/audit/health - ::1 {"service":"smart-contract-auditor","environment":"development","userAgent":"Mozilla/5.0 (Windows NT; Windows NT 10.0; en-IN) WindowsPowerShell/5.1.26100.4202"}
2025-06-17 21:10:36.953 [INFO]: Web3 providers initialized {"service":"smart-contract-auditor","environment":"development","chains":["ethereum","polygon","bsc","sepolia","mumbai","bscTestnet"]}
2025-06-17 21:10:37.146 [INFO]: Smart Contract Auditor Backend running on port 3001 {"service":"smart-contract-auditor","environment":"development"}
2025-06-17 21:11:30.601 [INFO]: Web3 providers initialized {"service":"smart-contract-auditor","environment":"development","chains":["ethereum","polygon","bsc","sepolia","mumbai","bscTestnet"]}
2025-06-17 21:11:30.784 [INFO]: Smart Contract Auditor Backend running on port 3001 {"service":"smart-contract-auditor","environment":"development"}
2025-06-17 21:14:18.130 [INFO]: Web3 providers initialized {"service":"smart-contract-auditor","environment":"development","chains":["ethereum","polygon","bsc","sepolia","mumbai","bscTestnet"]}
2025-06-17 21:15:14.799 [INFO]: Web3 providers initialized {"service":"smart-contract-auditor","environment":"development","chains":["ethereum","polygon","bsc","sepolia","mumbai","bscTestnet"]}
2025-06-17 21:15:40.427 [INFO]: Web3 providers initialized {"service":"smart-contract-auditor","environment":"development","chains":["ethereum","polygon","bsc","sepolia","mumbai","bscTestnet"]}
